<?xml version="1.0" encoding="UTF-8"?>
<!-- Generated by org.testng.reporters.JUnitReportReporter -->
<testsuite skipped="0" hostname="LAPTOP-QL0RBTBH" name="com.skillassure.happytrip.tests.ExtendReportClass" tests="1" failures="0" timestamp="2020-07-03T19:25:33 IST" time="3.128" errors="0">
  <testcase name="adminlogintest" time="3.128" classname="com.skillassure.happytrip.tests.ExtendReportClass"/>
  <system-out/>
</testsuite> <!-- com.skillassure.happytrip.tests.ExtendReportClass -->
