<?xml version="1.0" encoding="UTF-8"?>
<!-- Generated by org.testng.reporters.JUnitReportReporter -->
<testsuite skipped="1" hostname="LAPTOP-QL0RBTBH" name="com.skillassure.happytrip.tests.Login" tests="1" failures="0" timestamp="2020-07-03T00:09:48 IST" time="0.000" errors="0">
  <testcase name="login" time="0.000" classname="com.skillassure.happytrip.tests.Login">
    <skipped/>
  </testcase> <!-- login -->
  <system-out/>
</testsuite> <!-- com.skillassure.happytrip.tests.Login -->
