<?xml version="1.0" encoding="UTF-8"?>
<!-- Generated by org.testng.reporters.JUnitReportReporter -->
<testsuite skipped="0" hostname="LAPTOP-QL0RBTBH" name="Pages.HappyTripScheduleFlights" tests="2" failures="0" timestamp="2020-07-03T20:04:18 IST" time="43.000" errors="0">
  <testcase name="adminlogintest" time="3.732" classname="Pages.HappyTripScheduleFlights"/>
  <system-out/>
  <testcase name="scheduleFlight" time="39.268" classname="Pages.HappyTripScheduleFlights"/>
  <system-out/>
</testsuite> <!-- Pages.HappyTripScheduleFlights -->
