<?xml version="1.0" encoding="UTF-8"?>
<!-- Generated by org.testng.reporters.JUnitReportReporter -->
<testsuite skipped="0" hostname="LAPTOP-QL0RBTBH" name="com.skillassure.happytrip.tests.HappyTripLogIn" tests="1" failures="0" timestamp="2020-07-03T01:06:11 IST" time="12.995" errors="0">
  <testcase name="logintoAdmin" time="12.995" classname="com.skillassure.happytrip.tests.HappyTripLogIn"/>
  <system-out/>
</testsuite> <!-- com.skillassure.happytrip.tests.HappyTripLogIn -->
