<?xml version="1.0" encoding="UTF-8"?>
<!-- Generated by org.testng.reporters.JUnitReportReporter -->
<testsuite skipped="0" hostname="LAPTOP-QL0RBTBH" name="Util.HappyTripLogIn" tests="1" failures="0" timestamp="2020-07-03T19:32:06 IST" time="15.773" errors="0">
  <testcase name="logintoAdmin" time="15.773" classname="Util.HappyTripLogIn"/>
  <system-out/>
</testsuite> <!-- Util.HappyTripLogIn -->
